Removed Pin From Net: NetName=NetC6_1 Pin=C6-1
Removed Pin From Net: NetName=GND Pin=C6-2
Removed Member From Class: ClassName=U_Buck converter_5V Member=C6
Change Component Footprint: Designator=C4 Old Footprint=CAPPR80-750-2000X1800X2200 New Footprint=FP-EEU-FC1V221L-MFG
Change Component Comment : Designator=C4 Old Comment=UHE2A331MHD6 New Comment=16SVP180MX
Change Managed Component Library Link : Designator=C4 Old VaultGUID=B7D15EC3-160A-466F-A46C-7801FE6295A7 New VaultGUID=B7D15EC3-160A-466F-A46C-7801FE6295A7 Old ItemGUID=38A31A43-82EC-489C-B9CA-6CC5756D199F New ItemGUID=B8A1D16A-C4A3-4FA1-A705-28825320FCBA Old RevisionGUID=DAFFEC69-86B4-4AF8-AEFF-FF8FE21C6B25 New RevisionGUID=DBE8F4BA-3BA3-489B-A97D-A6036C974A05
Change component parameters: Designator = "C4" ("C4"); Footprint = "CAPPR80-750-2000X1800X2200"; UniqueID = "\RDDZWMKB\ASYPPVUJ" ("\RDDZWMKB\ASYPPVUJ")
Change component parameters (AddParameter): Name = "Automotive"; Value = "Yes"; VariantName = "[No Variations]"
Change component parameters (AddParameter): Name = "Automotive Grade"; Value = "Grade 2"; VariantName = "[No Variations]"
Change component parameters (AddParameter): Name = "Capacitance"; Value = "330uF"; VariantName = "[No Variations]"
Change component parameters (AddParameter): Name = "Category"; Value = "Cap"; VariantName = "[No Variations]"
Change component parameters (AddParameter): Name = "ComponentLink2Description"; Value = "Datasheet"; VariantName = "[No Variations]"
Change component parameters (AddParameter): Name = "ComponentLink2URL"; Value = "https://industrial.panasonic.com/cdbs/www-data/pdf/RDF0000/ABA0000C1209.pdf"; VariantName = "[No Variations]"
Change component parameters (AddParameter): Name = "Device Class L1"; Value = "Passive Components"; VariantName = "[No Variations]"
Change component parameters (AddParameter): Name = "Device Class L2"; Value = "Capacitors"; VariantName = "[No Variations]"
Change component parameters (AddParameter): Name = "Device Class L3"; Value = "Aluminum Electrolytic Capacitors"; VariantName = "[No Variations]"
Change component parameters (AddParameter): Name = "Digikey Description"; Value = "CAP ALUM 220UF 20% 35V RADIAL"; VariantName = "[No Variations]"
Change component parameters (AddParameter): Name = "Dissipation Factor"; Value = "12%"; VariantName = "[No Variations]"
Change component parameters (AddParameter): Name = "Esr"; Value = "0.085O"; VariantName = "[No Variations]"
Change component parameters (AddParameter): Name = "Height"; Value = "16.5mm"; VariantName = "[No Variations]"
Change component parameters (AddParameter): Name = "Lead Free"; Value = "Yes"; VariantName = "[No Variations]"
Change component parameters (AddParameter): Name = "Leakage Current"; Value = "77uA"; VariantName = "[No Variations]"
Change component parameters (AddParameter): Name = "Life"; Value = "2000Hours"; VariantName = "[No Variations]"
Change component parameters (AddParameter): Name = "Manufacturer"; Value = "Panasonic Electronic Components"; VariantName = "[No Variations]"
Change component parameters (AddParameter): Name = "Manufacturer Part Number"; Value = "EEU-FC1V221L"; VariantName = "[No Variations]"
Change component parameters (AddParameter): Name = "Material"; Value = "Aluminum"; VariantName = "[No Variations]"
Change component parameters (AddParameter): Name = "Mouser Description"; Value = "Capacitor; Aluminum Electrolytic; Fc Radial Elec Cap 220uF 35V"; VariantName = "[No Variations]"
Change component parameters (AddParameter): Name = "Octopart"; Value = "https://octopart.com/eeu-fc1v221l-panasonic-39478519"; VariantName = "[No Variations]"
Change component parameters (AddParameter): Name = "Package"; Value = "0"; VariantName = "[No Variations]"
Change component parameters (AddParameter): Name = "Ripple Current"; Value = "730mA"; VariantName = "[No Variations]"
Change component parameters (AddParameter): Name = "RoHS"; Value = "TRUE"; VariantName = "[No Variations]"
Change component parameters (AddParameter): Name = "Temperature"; Value = "-55°C to +105°C"; VariantName = "[No Variations]"
Change component parameters (AddParameter): Name = "Temperature Range High"; Value = "+105°C"; VariantName = "[No Variations]"
Change component parameters (AddParameter): Name = "Temperature Range Low"; Value = "-55°C"; VariantName = "[No Variations]"
Change component parameters (AddParameter): Name = "Tolerance"; Value = "20%"; VariantName = "[No Variations]"
Change component parameters (AddParameter): Name = "Value"; Value = "330uF"; VariantName = "[No Variations]"
Change component parameters (AddParameter): Name = "Voltage Rating"; Value = "35V"; VariantName = "[No Variations]"
Added Pin To Net: NetName=NetC6_1 Pin=C4-1
Added Pin To Net: NetName=GND Pin=C4-2
Change Net Name : Old Net Name=NetC6_1 New Net Name=NetC4_1
