Change Component Footprint: Designator=L1_U_Buck converter_ADJ_7 Old Footprint=CAPA81-2290X1140_V New Footprint=ABRA-AIAP-02-2_V2
Change Component Footprint: Designator=L1_U_Buck converter_ADJ_+9 Old Footprint=CAPA81-2290X1140_V New Footprint=ABRA-AIAP-02-2_V2
Change Component Footprint: Designator=L1_U_Buck converter_ADJ_-9 Old Footprint=CAPA81-2290X1140_V New Footprint=ABRA-AIAP-02-2_V2
Change Component Footprint: Designator=L2 Old Footprint=CAPA81-2290X1140_V New Footprint=ABRA-AIAP-02-2_V2
Change Managed Component Library Link : Designator=L1_U_Buck converter_ADJ_7 Old VaultGUID=B7D15EC3-160A-466F-A46C-7801FE6295A7 New VaultGUID=B7D15EC3-160A-466F-A46C-7801FE6295A7 Old ItemGUID=4229E3E3-D8E1-483E-8661-4A8C2F4BC16D New ItemGUID=41009B13-6A14-4DD8-8072-61E49681F308 Old RevisionGUID=DFC43576-43F8-426E-BBA8-F7F8AD12DEFA New RevisionGUID=7827876C-D359-449D-8FB2-5D05AE3539A7
Change Managed Component Library Link : Designator=L1_U_Buck converter_ADJ_+9 Old VaultGUID=B7D15EC3-160A-466F-A46C-7801FE6295A7 New VaultGUID=B7D15EC3-160A-466F-A46C-7801FE6295A7 Old ItemGUID=4229E3E3-D8E1-483E-8661-4A8C2F4BC16D New ItemGUID=41009B13-6A14-4DD8-8072-61E49681F308 Old RevisionGUID=DFC43576-43F8-426E-BBA8-F7F8AD12DEFA New RevisionGUID=7827876C-D359-449D-8FB2-5D05AE3539A7
Change Managed Component Library Link : Designator=L1_U_Buck converter_ADJ_-9 Old VaultGUID=B7D15EC3-160A-466F-A46C-7801FE6295A7 New VaultGUID=B7D15EC3-160A-466F-A46C-7801FE6295A7 Old ItemGUID=4229E3E3-D8E1-483E-8661-4A8C2F4BC16D New ItemGUID=41009B13-6A14-4DD8-8072-61E49681F308 Old RevisionGUID=DFC43576-43F8-426E-BBA8-F7F8AD12DEFA New RevisionGUID=7827876C-D359-449D-8FB2-5D05AE3539A7
Change Managed Component Library Link : Designator=L2 Old VaultGUID=B7D15EC3-160A-466F-A46C-7801FE6295A7 New VaultGUID=B7D15EC3-160A-466F-A46C-7801FE6295A7 Old ItemGUID=4229E3E3-D8E1-483E-8661-4A8C2F4BC16D New ItemGUID=41009B13-6A14-4DD8-8072-61E49681F308 Old RevisionGUID=DFC43576-43F8-426E-BBA8-F7F8AD12DEFA New RevisionGUID=7827876C-D359-449D-8FB2-5D05AE3539A7
Change component parameters: Designator = "L1_U_Buck converter_ADJ_7" ("L1"); Footprint = "CAPA81-2290X1140_V"; UniqueID = "\BRQWUAFO\RQFOEXGU" ("\BRQWUAFO\RQFOEXGU")
Change component parameters (AddParameter): Name = "ComponentLink1Description"; Value = "Manufacturer URL"; VariantName = "[No Variations]"
Change component parameters (AddParameter): Name = "ComponentLink1URL"; Value = "http://www.abracon.com/"; VariantName = "[No Variations]"
Change component parameters (AddParameter): Name = "ComponentLink2Description"; Value = "Datasheet"; VariantName = "[No Variations]"
Change component parameters (AddParameter): Name = "ComponentLink2URL"; Value = "http://www.abracon.com/Magnetics/axial/AIAP-02.pdf"; VariantName = "[No Variations]"
Change component parameters (AddParameter): Name = "ComponentLink3Description"; Value = "Package Specification"; VariantName = "[No Variations]"
Change component parameters (AddParameter): Name = "ComponentLink3URL"; Value = "http://www.abracon.com/Magnetics/axial/AIAP-02.pdf"; VariantName = "[No Variations]"
Change component parameters (AddParameter): Name = "DatasheetVersion"; Value = "2/12/2012"; VariantName = "[No Variations]"
Change component parameters (AddParameter): Name = "DCR Max"; Value = "2.3 Ohm"; VariantName = "[No Variations]"
Change component parameters (AddParameter): Name = "IDC Max"; Value = "0.4 A"; VariantName = "[No Variations]"
Change component parameters (AddParameter): Name = "Inductance"; Value = "33 uH"; VariantName = "[No Variations]"
Change component parameters (AddParameter): Name = "Manufacturer"; Value = "Abracon"; VariantName = "[No Variations]"
Change component parameters (AddParameter): Name = "Mounting Technology"; Value = "Through Hole"; VariantName = "[No Variations]"
Change component parameters (AddParameter): Name = "Operating Temperature"; Value = "-40 to 85 degC"; VariantName = "[No Variations]"
Change component parameters (AddParameter): Name = "PackageDescription"; Value = "2-Pin Axial Leaded, Dia 6.4 mm, Length 14 mm"; VariantName = "[No Variations]"
Change component parameters (AddParameter): Name = "PackageReference"; Value = "AIAP-02-2"; VariantName = "[No Variations]"
Change component parameters (AddParameter): Name = "PackageVersion"; Value = "Rev. 02.12.12"; VariantName = "[No Variations]"
Change component parameters (AddParameter): Name = "Packing"; Value = "Bag"; VariantName = "[No Variations]"
Change component parameters (AddParameter): Name = "PartNumber"; Value = "AIAP-02-102K"; VariantName = "[No Variations]"
Change component parameters (AddParameter): Name = "RoHS"; Value = "TRUE"; VariantName = "[No Variations]"
Change component parameters (AddParameter): Name = "Tolerance"; Value = "+/- 10%"; VariantName = "[No Variations]"
Change component parameters: Designator = "L1_U_Buck converter_ADJ_+9" ("L1"); Footprint = "CAPA81-2290X1140_V"; UniqueID = "\CMUNJDHG\RQFOEXGU" ("\CMUNJDHG\RQFOEXGU")
Change component parameters (AddParameter): Name = "ComponentLink1Description"; Value = "Manufacturer URL"; VariantName = "[No Variations]"
Change component parameters (AddParameter): Name = "ComponentLink1URL"; Value = "http://www.abracon.com/"; VariantName = "[No Variations]"
Change component parameters (AddParameter): Name = "ComponentLink2Description"; Value = "Datasheet"; VariantName = "[No Variations]"
Change component parameters (AddParameter): Name = "ComponentLink2URL"; Value = "http://www.abracon.com/Magnetics/axial/AIAP-02.pdf"; VariantName = "[No Variations]"
Change component parameters (AddParameter): Name = "ComponentLink3Description"; Value = "Package Specification"; VariantName = "[No Variations]"
Change component parameters (AddParameter): Name = "ComponentLink3URL"; Value = "http://www.abracon.com/Magnetics/axial/AIAP-02.pdf"; VariantName = "[No Variations]"
Change component parameters (AddParameter): Name = "DatasheetVersion"; Value = "2/12/2012"; VariantName = "[No Variations]"
Change component parameters (AddParameter): Name = "DCR Max"; Value = "2.3 Ohm"; VariantName = "[No Variations]"
Change component parameters (AddParameter): Name = "IDC Max"; Value = "0.4 A"; VariantName = "[No Variations]"
Change component parameters (AddParameter): Name = "Inductance"; Value = "33 uH"; VariantName = "[No Variations]"
Change component parameters (AddParameter): Name = "Manufacturer"; Value = "Abracon"; VariantName = "[No Variations]"
Change component parameters (AddParameter): Name = "Mounting Technology"; Value = "Through Hole"; VariantName = "[No Variations]"
Change component parameters (AddParameter): Name = "Operating Temperature"; Value = "-40 to 85 degC"; VariantName = "[No Variations]"
Change component parameters (AddParameter): Name = "PackageDescription"; Value = "2-Pin Axial Leaded, Dia 6.4 mm, Length 14 mm"; VariantName = "[No Variations]"
Change component parameters (AddParameter): Name = "PackageReference"; Value = "AIAP-02-2"; VariantName = "[No Variations]"
Change component parameters (AddParameter): Name = "PackageVersion"; Value = "Rev. 02.12.12"; VariantName = "[No Variations]"
Change component parameters (AddParameter): Name = "Packing"; Value = "Bag"; VariantName = "[No Variations]"
Change component parameters (AddParameter): Name = "PartNumber"; Value = "AIAP-02-102K"; VariantName = "[No Variations]"
Change component parameters (AddParameter): Name = "RoHS"; Value = "TRUE"; VariantName = "[No Variations]"
Change component parameters (AddParameter): Name = "Tolerance"; Value = "+/- 10%"; VariantName = "[No Variations]"
Change component parameters: Designator = "L1_U_Buck converter_ADJ_-9" ("L1"); Footprint = "CAPA81-2290X1140_V"; UniqueID = "\FVDFCKPM\RQFOEXGU" ("\FVDFCKPM\RQFOEXGU")
Change component parameters (AddParameter): Name = "ComponentLink1Description"; Value = "Manufacturer URL"; VariantName = "[No Variations]"
Change component parameters (AddParameter): Name = "ComponentLink1URL"; Value = "http://www.abracon.com/"; VariantName = "[No Variations]"
Change component parameters (AddParameter): Name = "ComponentLink2Description"; Value = "Datasheet"; VariantName = "[No Variations]"
Change component parameters (AddParameter): Name = "ComponentLink2URL"; Value = "http://www.abracon.com/Magnetics/axial/AIAP-02.pdf"; VariantName = "[No Variations]"
Change component parameters (AddParameter): Name = "ComponentLink3Description"; Value = "Package Specification"; VariantName = "[No Variations]"
Change component parameters (AddParameter): Name = "ComponentLink3URL"; Value = "http://www.abracon.com/Magnetics/axial/AIAP-02.pdf"; VariantName = "[No Variations]"
Change component parameters (AddParameter): Name = "DatasheetVersion"; Value = "2/12/2012"; VariantName = "[No Variations]"
Change component parameters (AddParameter): Name = "DCR Max"; Value = "2.3 Ohm"; VariantName = "[No Variations]"
Change component parameters (AddParameter): Name = "IDC Max"; Value = "0.4 A"; VariantName = "[No Variations]"
Change component parameters (AddParameter): Name = "Inductance"; Value = "33 uH"; VariantName = "[No Variations]"
Change component parameters (AddParameter): Name = "Manufacturer"; Value = "Abracon"; VariantName = "[No Variations]"
Change component parameters (AddParameter): Name = "Mounting Technology"; Value = "Through Hole"; VariantName = "[No Variations]"
Change component parameters (AddParameter): Name = "Operating Temperature"; Value = "-40 to 85 degC"; VariantName = "[No Variations]"
Change component parameters (AddParameter): Name = "PackageDescription"; Value = "2-Pin Axial Leaded, Dia 6.4 mm, Length 14 mm"; VariantName = "[No Variations]"
Change component parameters (AddParameter): Name = "PackageReference"; Value = "AIAP-02-2"; VariantName = "[No Variations]"
Change component parameters (AddParameter): Name = "PackageVersion"; Value = "Rev. 02.12.12"; VariantName = "[No Variations]"
Change component parameters (AddParameter): Name = "Packing"; Value = "Bag"; VariantName = "[No Variations]"
Change component parameters (AddParameter): Name = "PartNumber"; Value = "AIAP-02-102K"; VariantName = "[No Variations]"
Change component parameters (AddParameter): Name = "RoHS"; Value = "TRUE"; VariantName = "[No Variations]"
Change component parameters (AddParameter): Name = "Tolerance"; Value = "+/- 10%"; VariantName = "[No Variations]"
Change component parameters: Designator = "L2" ("L2"); Footprint = "CAPA81-2290X1140_V"; UniqueID = "\RDDZWMKB\URJBBJAV" ("\RDDZWMKB\URJBBJAV")
Change component parameters (AddParameter): Name = "ComponentLink1Description"; Value = "Manufacturer URL"; VariantName = "[No Variations]"
Change component parameters (AddParameter): Name = "ComponentLink1URL"; Value = "http://www.abracon.com/"; VariantName = "[No Variations]"
Change component parameters (AddParameter): Name = "ComponentLink2Description"; Value = "Datasheet"; VariantName = "[No Variations]"
Change component parameters (AddParameter): Name = "ComponentLink2URL"; Value = "http://www.abracon.com/Magnetics/axial/AIAP-02.pdf"; VariantName = "[No Variations]"
Change component parameters (AddParameter): Name = "ComponentLink3Description"; Value = "Package Specification"; VariantName = "[No Variations]"
Change component parameters (AddParameter): Name = "ComponentLink3URL"; Value = "http://www.abracon.com/Magnetics/axial/AIAP-02.pdf"; VariantName = "[No Variations]"
Change component parameters (AddParameter): Name = "DatasheetVersion"; Value = "2/12/2012"; VariantName = "[No Variations]"
Change component parameters (AddParameter): Name = "DCR Max"; Value = "2.3 Ohm"; VariantName = "[No Variations]"
Change component parameters (AddParameter): Name = "IDC Max"; Value = "0.4 A"; VariantName = "[No Variations]"
Change component parameters (AddParameter): Name = "Inductance"; Value = "33 uH"; VariantName = "[No Variations]"
Change component parameters (AddParameter): Name = "Manufacturer"; Value = "Abracon"; VariantName = "[No Variations]"
Change component parameters (AddParameter): Name = "Mounting Technology"; Value = "Through Hole"; VariantName = "[No Variations]"
Change component parameters (AddParameter): Name = "Operating Temperature"; Value = "-40 to 85 degC"; VariantName = "[No Variations]"
Change component parameters (AddParameter): Name = "PackageDescription"; Value = "2-Pin Axial Leaded, Dia 6.4 mm, Length 14 mm"; VariantName = "[No Variations]"
Change component parameters (AddParameter): Name = "PackageReference"; Value = "AIAP-02-2"; VariantName = "[No Variations]"
Change component parameters (AddParameter): Name = "PackageVersion"; Value = "Rev. 02.12.12"; VariantName = "[No Variations]"
Change component parameters (AddParameter): Name = "Packing"; Value = "Bag"; VariantName = "[No Variations]"
Change component parameters (AddParameter): Name = "PartNumber"; Value = "AIAP-02-102K"; VariantName = "[No Variations]"
Change component parameters (AddParameter): Name = "RoHS"; Value = "TRUE"; VariantName = "[No Variations]"
Change component parameters (AddParameter): Name = "Tolerance"; Value = "+/- 10%"; VariantName = "[No Variations]"
