Removed Pin From Net: NetName=FB_ADJ_U_Buck converter_ADJ_7 Pin=C1_U_Buck converter_ADJ_7-1
Removed Pin From Net: NetName=ADJ_OUT_U_Buck converter_ADJ_7 Pin=C1_U_Buck converter_ADJ_7-2
Removed Pin From Net: NetName=FB_ADJ_U_Buck converter_ADJ_+9 Pin=C1_U_Buck converter_ADJ_+9-1
Removed Pin From Net: NetName=+9V out Pin=C1_U_Buck converter_ADJ_+9-2
Removed Pin From Net: NetName=FB_ADJ_U_Buck converter_ADJ_-9 Pin=C1_U_Buck converter_ADJ_-9-1
Removed Pin From Net: NetName=GND_EMG Pin=C1_U_Buck converter_ADJ_-9-2
Change Component Footprint: Designator=C1_U_Buck converter_ADJ_7 Old Footprint=RAD-0.3 New Footprint=FP-RCE0K1-MFG
Change Component Footprint: Designator=C1_U_Buck converter_ADJ_+9 Old Footprint=RAD-0.3 New Footprint=FP-RCE0K1-MFG
Change Component Footprint: Designator=C1_U_Buck converter_ADJ_-9 Old Footprint=RAD-0.3 New Footprint=FP-RCE0K1-MFG
Change Component Comment : Designator=C1_U_Buck converter_ADJ_7 Old Comment=Cap New Comment=3.3nf
Change Component Comment : Designator=C1_U_Buck converter_ADJ_+9 Old Comment=Cap New Comment=3.3nf
Change Component Comment : Designator=C1_U_Buck converter_ADJ_-9 Old Comment=Cap New Comment=3.3nf
Change Managed Component Library Link : Designator=C1_U_Buck converter_ADJ_7 Old VaultGUID= New VaultGUID=B7D15EC3-160A-466F-A46C-7801FE6295A7 Old ItemGUID= New ItemGUID=CA66EC09-3012-4167-A1AF-59541D6BEDDB Old RevisionGUID= New RevisionGUID=C83B284F-2744-4AEF-916D-9563182F3049
Change Managed Component Library Link : Designator=C1_U_Buck converter_ADJ_+9 Old VaultGUID= New VaultGUID=B7D15EC3-160A-466F-A46C-7801FE6295A7 Old ItemGUID= New ItemGUID=CA66EC09-3012-4167-A1AF-59541D6BEDDB Old RevisionGUID= New RevisionGUID=C83B284F-2744-4AEF-916D-9563182F3049
Change Managed Component Library Link : Designator=C1_U_Buck converter_ADJ_-9 Old VaultGUID= New VaultGUID=B7D15EC3-160A-466F-A46C-7801FE6295A7 Old ItemGUID= New ItemGUID=CA66EC09-3012-4167-A1AF-59541D6BEDDB Old RevisionGUID= New RevisionGUID=C83B284F-2744-4AEF-916D-9563182F3049
Change component parameters: Designator = "C1_U_Buck converter_ADJ_7" ("C1"); Footprint = "RAD-0.3"; UniqueID = "\BRQWUAFO\JMZEIAGP" ("\BRQWUAFO\JMZEIAGP")
Change component parameters (AddParameter): Name = "Capacitance"; Value = "15pF"; VariantName = "[No Variations]"
Change component parameters (AddParameter): Name = "Case/Package"; Value = "Radial"; VariantName = "[No Variations]"
Change component parameters (AddParameter): Name = "Dielectric"; Value = "C0G"; VariantName = "[No Variations]"
Change component parameters (AddParameter): Name = "Height"; Value = "3.5mm"; VariantName = "[No Variations]"
Change component parameters (AddParameter): Name = "Height - Seated (Max)"; Value = "0.138inch"; VariantName = "[No Variations]"
Change component parameters (AddParameter): Name = "Lead Diameter"; Value = "0.5mm"; VariantName = "[No Variations]"
Change component parameters (AddParameter): Name = "Lead Pitch"; Value = "0.197inch"; VariantName = "[No Variations]"
Change component parameters (AddParameter): Name = "Lead/Base Style"; Value = "Formed Leads"; VariantName = "[No Variations]"
Change component parameters (AddParameter): Name = "Length"; Value = "0.142inch"; VariantName = "[No Variations]"
Change component parameters (AddParameter): Name = "Max Operating Temperature"; Value = "125°C"; VariantName = "[No Variations]"
Change component parameters (AddParameter): Name = "Min Operating Temperature"; Value = "-55°C"; VariantName = "[No Variations]"
Change component parameters (AddParameter): Name = "Mount"; Value = "Through Hole"; VariantName = "[No Variations]"
Change component parameters (AddParameter): Name = "Package Quantity"; Value = "2000"; VariantName = "[No Variations]"
Change component parameters (AddParameter): Name = "Packaging"; Value = "Tape and Reel"; VariantName = "[No Variations]"
Change component parameters (AddParameter): Name = "Ratings"; Value = "AEC-Q200"; VariantName = "[No Variations]"
Change component parameters (AddParameter): Name = "Resistor Type"; Value = "Ceramic"; VariantName = "[No Variations]"
Change component parameters (AddParameter): Name = "Termination"; Value = "Radial"; VariantName = "[No Variations]"
Change component parameters (AddParameter): Name = "Tolerance"; Value = "5%"; VariantName = "[No Variations]"
Change component parameters (AddParameter): Name = "Voltage Rating"; Value = "50V"; VariantName = "[No Variations]"
Change component parameters (AddParameter): Name = "Voltage Rating (DC)"; Value = "50V"; VariantName = "[No Variations]"
Change component parameters (AddParameter): Name = "Width"; Value = "0.098inch"; VariantName = "[No Variations]"
Change component parameters: Designator = "C1_U_Buck converter_ADJ_+9" ("C1"); Footprint = "RAD-0.3"; UniqueID = "\CMUNJDHG\JMZEIAGP" ("\CMUNJDHG\JMZEIAGP")
Change component parameters (AddParameter): Name = "Capacitance"; Value = "15pF"; VariantName = "[No Variations]"
Change component parameters (AddParameter): Name = "Case/Package"; Value = "Radial"; VariantName = "[No Variations]"
Change component parameters (AddParameter): Name = "Dielectric"; Value = "C0G"; VariantName = "[No Variations]"
Change component parameters (AddParameter): Name = "Height"; Value = "3.5mm"; VariantName = "[No Variations]"
Change component parameters (AddParameter): Name = "Height - Seated (Max)"; Value = "0.138inch"; VariantName = "[No Variations]"
Change component parameters (AddParameter): Name = "Lead Diameter"; Value = "0.5mm"; VariantName = "[No Variations]"
Change component parameters (AddParameter): Name = "Lead Pitch"; Value = "0.197inch"; VariantName = "[No Variations]"
Change component parameters (AddParameter): Name = "Lead/Base Style"; Value = "Formed Leads"; VariantName = "[No Variations]"
Change component parameters (AddParameter): Name = "Length"; Value = "0.142inch"; VariantName = "[No Variations]"
Change component parameters (AddParameter): Name = "Max Operating Temperature"; Value = "125°C"; VariantName = "[No Variations]"
Change component parameters (AddParameter): Name = "Min Operating Temperature"; Value = "-55°C"; VariantName = "[No Variations]"
Change component parameters (AddParameter): Name = "Mount"; Value = "Through Hole"; VariantName = "[No Variations]"
Change component parameters (AddParameter): Name = "Package Quantity"; Value = "2000"; VariantName = "[No Variations]"
Change component parameters (AddParameter): Name = "Packaging"; Value = "Tape and Reel"; VariantName = "[No Variations]"
Change component parameters (AddParameter): Name = "Ratings"; Value = "AEC-Q200"; VariantName = "[No Variations]"
Change component parameters (AddParameter): Name = "Resistor Type"; Value = "Ceramic"; VariantName = "[No Variations]"
Change component parameters (AddParameter): Name = "Termination"; Value = "Radial"; VariantName = "[No Variations]"
Change component parameters (AddParameter): Name = "Tolerance"; Value = "5%"; VariantName = "[No Variations]"
Change component parameters (AddParameter): Name = "Voltage Rating"; Value = "50V"; VariantName = "[No Variations]"
Change component parameters (AddParameter): Name = "Voltage Rating (DC)"; Value = "50V"; VariantName = "[No Variations]"
Change component parameters (AddParameter): Name = "Width"; Value = "0.098inch"; VariantName = "[No Variations]"
Change component parameters: Designator = "C1_U_Buck converter_ADJ_-9" ("C1"); Footprint = "RAD-0.3"; UniqueID = "\FVDFCKPM\JMZEIAGP" ("\FVDFCKPM\JMZEIAGP")
Change component parameters (AddParameter): Name = "Capacitance"; Value = "15pF"; VariantName = "[No Variations]"
Change component parameters (AddParameter): Name = "Case/Package"; Value = "Radial"; VariantName = "[No Variations]"
Change component parameters (AddParameter): Name = "Dielectric"; Value = "C0G"; VariantName = "[No Variations]"
Change component parameters (AddParameter): Name = "Height"; Value = "3.5mm"; VariantName = "[No Variations]"
Change component parameters (AddParameter): Name = "Height - Seated (Max)"; Value = "0.138inch"; VariantName = "[No Variations]"
Change component parameters (AddParameter): Name = "Lead Diameter"; Value = "0.5mm"; VariantName = "[No Variations]"
Change component parameters (AddParameter): Name = "Lead Pitch"; Value = "0.197inch"; VariantName = "[No Variations]"
Change component parameters (AddParameter): Name = "Lead/Base Style"; Value = "Formed Leads"; VariantName = "[No Variations]"
Change component parameters (AddParameter): Name = "Length"; Value = "0.142inch"; VariantName = "[No Variations]"
Change component parameters (AddParameter): Name = "Max Operating Temperature"; Value = "125°C"; VariantName = "[No Variations]"
Change component parameters (AddParameter): Name = "Min Operating Temperature"; Value = "-55°C"; VariantName = "[No Variations]"
Change component parameters (AddParameter): Name = "Mount"; Value = "Through Hole"; VariantName = "[No Variations]"
Change component parameters (AddParameter): Name = "Package Quantity"; Value = "2000"; VariantName = "[No Variations]"
Change component parameters (AddParameter): Name = "Packaging"; Value = "Tape and Reel"; VariantName = "[No Variations]"
Change component parameters (AddParameter): Name = "Ratings"; Value = "AEC-Q200"; VariantName = "[No Variations]"
Change component parameters (AddParameter): Name = "Resistor Type"; Value = "Ceramic"; VariantName = "[No Variations]"
Change component parameters (AddParameter): Name = "Termination"; Value = "Radial"; VariantName = "[No Variations]"
Change component parameters (AddParameter): Name = "Tolerance"; Value = "5%"; VariantName = "[No Variations]"
Change component parameters (AddParameter): Name = "Voltage Rating"; Value = "50V"; VariantName = "[No Variations]"
Change component parameters (AddParameter): Name = "Voltage Rating (DC)"; Value = "50V"; VariantName = "[No Variations]"
Change component parameters (AddParameter): Name = "Width"; Value = "0.098inch"; VariantName = "[No Variations]"
Added Pin To Net: NetName=ADJ_OUT_U_Buck converter_ADJ_7 Pin=C1_U_Buck converter_ADJ_7-1
Added Pin To Net: NetName=FB_ADJ_U_Buck converter_ADJ_7 Pin=C1_U_Buck converter_ADJ_7-2
Added Pin To Net: NetName=+9V out Pin=C1_U_Buck converter_ADJ_+9-1
Added Pin To Net: NetName=FB_ADJ_U_Buck converter_ADJ_+9 Pin=C1_U_Buck converter_ADJ_+9-2
Added Pin To Net: NetName=GND_EMG Pin=C1_U_Buck converter_ADJ_-9-1
Added Pin To Net: NetName=FB_ADJ_U_Buck converter_ADJ_-9 Pin=C1_U_Buck converter_ADJ_-9-2
