Added Component: Designator=K?(FP-JS1-5V-F-MFG)
Add component (AddParameter): Name = "Ambient Temperature Range High"; Value = "+70°C"; VariantName = "[No Variations]"
Add component (AddParameter): Name = "Ambient Temperature Range Low"; Value = "-40°C"; VariantName = "[No Variations]"
Add component (AddParameter): Name = "Automotive"; Value = "No"; VariantName = "[No Variations]"
Add component (AddParameter): Name = "Category"; Value = "Relay"; VariantName = "[No Variations]"
Add component (AddParameter): Name = "Coil Current"; Value = "72mA"; VariantName = "[No Variations]"
Add component (AddParameter): Name = "Coil Power"; Value = "360mW"; VariantName = "[No Variations]"
Add component (AddParameter): Name = "Coil Resistance"; Value = "69.4O"; VariantName = "[No Variations]"
Add component (AddParameter): Name = "Coil Type"; Value = "Non-Latching"; VariantName = "[No Variations]"
Add component (AddParameter): Name = "Coil Voltage"; Value = "5V"; VariantName = "[No Variations]"
Add component (AddParameter): Name = "ComponentLink2Description"; Value = "Datasheet"; VariantName = "[No Variations]"
Add component (AddParameter): Name = "ComponentLink2URL"; Value = "https://www3.panasonic.biz/ac/e_download/control/relay/power/catalog/mech_eng_js.pdf?via=ok"; VariantName = "[No Variations]"
Add component (AddParameter): Name = "Device Class L1"; Value = "Electromechanical"; VariantName = "[No Variations]"
Add component (AddParameter): Name = "Device Class L2"; Value = "Relays"; VariantName = "[No Variations]"
Add component (AddParameter): Name = "Device Class L3"; Value = "Power Relays"; VariantName = "[No Variations]"
Add component (AddParameter): Name = "Digikey Description"; Value = "RELAY GEN PURPOSE SPDT 10A 5V"; VariantName = "[No Variations]"
Add component (AddParameter): Name = "Height"; Value = "16.8mm"; VariantName = "[No Variations]"
Add component (AddParameter): Name = "Lead Free"; Value = "Yes"; VariantName = "[No Variations]"
Add component (AddParameter): Name = "Manufacturer"; Value = "Panasonic"; VariantName = "[No Variations]"
Add component (AddParameter): Name = "Manufacturer Part Number"; Value = "JS1-5V-F"; VariantName = "[No Variations]"
Add component (AddParameter): Name = "Mouser Description"; Value = "JS Series 10 A SPDT 5 V Through Hole Sealed Miniature Non-Polarized Power Relay"; VariantName = "[No Variations]"
Add component (AddParameter): Name = "Number Of Contacts"; Value = "1"; VariantName = "[No Variations]"
Add component (AddParameter): Name = "Octopart"; Value = "https://octopart.com/js1-5v-f-panasonic-39428621"; VariantName = "[No Variations]"
Add component (AddParameter): Name = "Package"; Value = "JS1-5V-F"; VariantName = "[No Variations]"
Add component (AddParameter): Name = "RoHS"; Value = "TRUE"; VariantName = "[No Variations]"
Add component (AddParameter): Name = "Standoff Height"; Value = "0.3mm"; VariantName = "[No Variations]"
Add component (AddParameter): Name = "Switching Current"; Value = "10A"; VariantName = "[No Variations]"
Add component (AddParameter): Name = "Switching Power"; Value = "150W"; VariantName = "[No Variations]"
Add component (AddParameter): Name = "Temperature"; Value = "-40°C to +70°C"; VariantName = "[No Variations]"
Add component (AddParameter): Name = "Temperature Range High"; Value = "+70°C"; VariantName = "[No Variations]"
Add component (AddParameter): Name = "Temperature Range Low"; Value = "-40°C"; VariantName = "[No Variations]"
Add component (AddParameter): Name = "Throw Configuration"; Value = "SPDT"; VariantName = "[No Variations]"
Added Component: Designator=Q?(MLTC-TO-18-3)
Add component (AddParameter): Name = "Collector Emitter Voltage V(br)ceo"; Value = "30V"; VariantName = "[No Variations]"
Add component (AddParameter): Name = "Collector Emitter Voltage Vces"; Value = "400mV"; VariantName = "[No Variations]"
Add component (AddParameter): Name = "Continuous Collector Current Ic Max"; Value = "800mA"; VariantName = "[No Variations]"
Add component (AddParameter): Name = "Current Ic @ Vce Sat"; Value = "150mA"; VariantName = "[No Variations]"
Add component (AddParameter): Name = "Current Ic Continuous a Max"; Value = "800mA"; VariantName = "[No Variations]"
Add component (AddParameter): Name = "Current Ic hFE"; Value = "150mA"; VariantName = "[No Variations]"
Add component (AddParameter): Name = "Datasheet URL"; Value = "http://www.farnell.com/datasheets/1662272.pdf"; VariantName = "[No Variations]"
Add component (AddParameter): Name = "Datasheet Version"; Value = "Rev. 1.1, 05/2012"; VariantName = "[No Variations]"
Add component (AddParameter): Name = "DC Collector Current"; Value = "800mA"; VariantName = "[No Variations]"
Add component (AddParameter): Name = "DC Current Gain hFE"; Value = "100"; VariantName = "[No Variations]"
Add component (AddParameter): Name = "Full Power Rating Temperature"; Value = "25degC"; VariantName = "[No Variations]"
Add component (AddParameter): Name = "Gain Bandwidth ft Min"; Value = "250MHz"; VariantName = "[No Variations]"
Add component (AddParameter): Name = "Gain Bandwidth ft Typ"; Value = "250MHz"; VariantName = "[No Variations]"
Add component (AddParameter): Name = "Hfe Min"; Value = "100"; VariantName = "[No Variations]"
Add component (AddParameter): Name = "Manufacturer"; Value = "Multicomp"; VariantName = "[No Variations]"
Add component (AddParameter): Name = "Manufacturer URL"; Value = "http://uk.farnell.com/b/multicomp"; VariantName = "[No Variations]"
Add component (AddParameter): Name = "No. of Pins"; Value = "3"; VariantName = "[No Variations]"
Add component (AddParameter): Name = "No. of Transistors"; Value = "1"; VariantName = "[No Variations]"
Add component (AddParameter): Name = "Package / Case"; Value = "TO-18"; VariantName = "[No Variations]"
Add component (AddParameter): Name = "Package Description"; Value = "3-Pin Transistor Outline Package (TO-18), Dia 5.54 mm, Pitch Pitch 1.485mm"; VariantName = "[No Variations]"
Add component (AddParameter): Name = "Package Reference"; Value = "TO-18-3"; VariantName = "[No Variations]"
Add component (AddParameter): Name = "Pin Configuration"; Value = "a"; VariantName = "[No Variations]"
Add component (AddParameter): Name = "Power Dissipation Pd"; Value = "500mW"; VariantName = "[No Variations]"
Add component (AddParameter): Name = "Power Dissipation Ptot Max"; Value = "500mW"; VariantName = "[No Variations]"
Add component (AddParameter): Name = "SVHC"; Value = "NoSVHC(19-Dec-2012)"; VariantName = "[No Variations]"
Add component (AddParameter): Name = "Transistor Case Style"; Value = "TO-18"; VariantName = "[No Variations]"
Add component (AddParameter): Name = "Transistor Polarity"; Value = "NPN"; VariantName = "[No Variations]"
Add component (AddParameter): Name = "Voltage Vcbo"; Value = "60V"; VariantName = "[No Variations]"
Added Component: Designator=R?(AXIAL-0.3)
Add component (AddParameter): Name = "LatestRevisionDate"; Value = "17-Jul-2002"; VariantName = "[No Variations]"
Add component (AddParameter): Name = "LatestRevisionNote"; Value = "Re-released for DXP Platform."; VariantName = "[No Variations]"
Add component (AddParameter): Name = "PackageDescription"; Value = "Axial Device, Thru-Hole; 2 Leads; 0.3 in Pin Spacing"; VariantName = "[No Variations]"
Add component (AddParameter): Name = "PackageReference"; Value = "AXIAL-0.3"; VariantName = "[No Variations]"
Add component (AddParameter): Name = "Published"; Value = "8-Jun-2000"; VariantName = "[No Variations]"
Add component (AddParameter): Name = "Publisher"; Value = "Altium Limited"; VariantName = "[No Variations]"
Add component (AddParameter): Name = "Value"; Value = "3K"; VariantName = "[No Variations]"
Added Pin To Net: NetName=GND Pin=Q?-1
Added Pin To Net: NetName=OUTB Pin=R?-1
Added Pin To Net: NetName=NetQ?_2 Pin=Q?-2
Added Pin To Net: NetName=NetQ?_2 Pin=R?-2
Added Net: Name=NetQ?_2
Added Member To Class: ClassName=Schematic Member=Component K? JS1-5V-F
Added Member To Class: ClassName=Schematic Member=Component Q? 2N2222
Added Member To Class: ClassName=Schematic Member=Component R? Res1
